≡ƒÜÇ Server running on port 5000
node : Failed to connect to 
Salesforce (Mock mode will 
be used if configured): 
INVALID_OPERATION: SOAP API 
login() is disabled by 
default in this org. Contact 
the org administrator to 
enable SOAP API login().
At line:1 char:1
+ node server.js 2>&1 | 
Out-File -Encoding utf8 
backend3.log
+ ~~~~~~~~~~~~~~~~~~~
    + CategoryInfo           
   : NotSpecified: (Failed   
  to conne...AP API login(   
 ).:String) [], RemoteExc    
eption
    + FullyQualifiedErrorId  
   : NativeCommandError
 
